2025-06-09 10:34:23,047 - WARNING - No active MQTT diagnostics found in database
2025-06-09 10:34:28,151 - WARNING - No active MQTT diagnostics found in database
2025-06-09 10:37:20,669 - INFO - Connected to MQTT broker
2025-06-09 10:37:20,669 - ERROR - Error in main loop: 'Client' object has no attribute '_topics'
2025-06-09 10:37:20,676 - INFO - Subscribed to topic: sensors/temperature
2025-06-09 10:37:25,681 - ERROR - Error in main loop: 'Client' object has no attribute '_topics'
2025-06-09 10:37:30,690 - ERROR - Error in main loop: 'Client' object has no attribute '_topics'
2025-06-09 10:37:35,698 - ERROR - Error in main loop: 'Client' object has no attribute '_topics'
2025-06-09 10:37:40,705 - ERROR - Error in main loop: 'Client' object has no attribute '_topics'
2025-06-09 10:37:45,713 - ERROR - Error in main loop: 'Client' object has no attribute '_topics'
2025-06-09 10:37:50,721 - ERROR - Error in main loop: 'Client' object has no attribute '_topics'
2025-06-09 10:37:55,728 - ERROR - Error in main loop: 'Client' object has no attribute '_topics'
2025-06-09 10:38:00,737 - ERROR - Error in main loop: 'Client' object has no attribute '_topics'
2025-06-09 10:38:05,745 - ERROR - Error in main loop: 'Client' object has no attribute '_topics'
2025-06-09 10:38:10,748 - ERROR - Error in main loop: 'Client' object has no attribute '_topics'
2025-06-09 10:38:15,756 - ERROR - Error in main loop: 'Client' object has no attribute '_topics'
2025-06-09 10:38:20,762 - ERROR - Error in main loop: 'Client' object has no attribute '_topics'
2025-06-09 10:38:25,768 - ERROR - Error in main loop: 'Client' object has no attribute '_topics'
2025-06-09 10:38:30,778 - ERROR - Error in main loop: 'Client' object has no attribute '_topics'
2025-06-09 10:38:35,787 - ERROR - Error in main loop: 'Client' object has no attribute '_topics'
2025-06-09 10:38:40,790 - ERROR - Error in main loop: 'Client' object has no attribute '_topics'
2025-06-09 10:38:45,797 - ERROR - Error in main loop: 'Client' object has no attribute '_topics'
2025-06-09 10:38:50,801 - ERROR - Error in main loop: 'Client' object has no attribute '_topics'
2025-06-09 10:38:55,810 - ERROR - Error in main loop: 'Client' object has no attribute '_topics'
2025-06-09 10:38:58,700 - INFO - Connected to MQTT broker
2025-06-09 10:38:58,701 - INFO - Subscribed to new topic: sensors/temperatur
2025-06-09 10:38:58,706 - INFO - Subscribed to topic: sensors/temperatur
2025-06-09 10:39:23,751 - INFO - Subscribed to new topic: sensors/temperature
2025-06-09 10:39:23,753 - INFO - Unsubscribed from removed topic: sensors/temperatur
2025-06-09 10:39:33,768 - INFO - Unsubscribed from removed topic: sensors/temperature
2025-06-09 10:39:38,775 - INFO - Subscribed to new topic: sensors/temperature
2025-06-09 10:40:01,312 - ERROR - Error updating diagnostic status: CASE types text and timestamp with time zone cannot be matched
LINE 4:                         WHEN 'Fail' = 'Fail' THEN CURRENT_TI...
                                                          ^

2025-06-09 10:40:01,313 - INFO - Updated diagnostic T001 to Fail with value 40.0
2025-06-09 10:40:01,313 - ERROR - Error getting contacts: column "name" does not exist
LINE 1: SELECT name, email, phone FROM contacts
               ^

2025-06-09 10:40:01,314 - WARNING - No emergency contacts found
2025-06-09 10:40:01,314 - INFO - Sent alert for diagnostic T001
2025-06-09 10:40:50,461 - ERROR - Error updating diagnostic status: CASE types text and timestamp with time zone cannot be matched
LINE 4:                         WHEN 'Fail' = 'Fail' THEN CURRENT_TI...
                                                          ^

2025-06-09 10:40:50,461 - INFO - Updated diagnostic T001 to Fail with value 50.0
2025-06-09 10:40:50,462 - ERROR - Error getting contacts: column "name" does not exist
LINE 1: SELECT name, email, phone FROM contacts
               ^

2025-06-09 10:40:50,462 - WARNING - No emergency contacts found
2025-06-09 10:40:50,462 - INFO - Sent alert for diagnostic T001
2025-06-09 10:42:41,853 - INFO - Connected to MQTT broker
2025-06-09 10:42:41,854 - INFO - Subscribed to new topic: sensors/temperature
2025-06-09 10:42:41,861 - INFO - Subscribed to topic: sensors/temperature
